<?xml version="1.0" encoding="UTF-8"?>
<coverage generated="1637338137673" clover="3.2.0">
  <project timestamp="1637338137673" name="All files">
    <metrics statements="92" coveredstatements="89" conditionals="21" coveredconditionals="17" methods="11" coveredmethods="11" elements="124" coveredelements="117" complexity="0" loc="92" ncloc="92" packages="6" files="9" classes="9"/>
    <package name="src">
      <metrics statements="19" coveredstatements="17" conditionals="5" coveredconditionals="3" methods="2" coveredmethods="2"/>
      <file name="server.ts" path="C:\Repos\musical-lamp\src\server.ts">
        <metrics statements="19" coveredstatements="17" conditionals="5" coveredconditionals="3" methods="2" coveredmethods="2"/>
        <line num="1" count="1" type="stmt"/>
        <line num="2" count="1" type="stmt"/>
        <line num="3" count="1" type="stmt"/>
        <line num="5" count="1" type="stmt"/>
        <line num="7" count="1" type="stmt"/>
        <line num="8" count="1" type="stmt"/>
        <line num="10" count="1" type="stmt"/>
        <line num="11" count="5" type="stmt"/>
        <line num="12" count="5" type="stmt"/>
        <line num="17" count="5" type="cond" truecount="0" falsecount="1"/>
        <line num="18" count="0" type="stmt"/>
        <line num="19" count="0" type="stmt"/>
        <line num="21" count="5" type="stmt"/>
        <line num="24" count="1" type="stmt"/>
        <line num="26" count="1" type="stmt"/>
        <line num="27" count="1" type="cond" truecount="3" falsecount="1"/>
        <line num="29" count="1" type="stmt"/>
        <line num="30" count="1" type="stmt"/>
        <line num="33" count="1" type="stmt"/>
      </file>
    </package>
    <package name="src.controllers">
      <metrics statements="6" coveredstatements="6" conditionals="2" coveredconditionals="2" methods="2" coveredmethods="2"/>
      <file name="GithubController.ts" path="C:\Repos\musical-lamp\src\controllers\GithubController.ts">
        <metrics statements="6" coveredstatements="6" conditionals="2" coveredconditionals="2" methods="2" coveredmethods="2"/>
        <line num="3" count="1" type="stmt"/>
        <line num="5" count="2" type="stmt"/>
        <line num="6" count="2" type="stmt"/>
        <line num="7" count="2" type="cond" truecount="2" falsecount="0"/>
        <line num="9" count="2" type="stmt"/>
        <line num="15" count="2" type="stmt"/>
      </file>
    </package>
    <package name="src.middleware">
      <metrics statements="18" coveredstatements="17" conditionals="9" coveredconditionals="8" methods="2" coveredmethods="2"/>
      <file name="PullRequestMiddleware.ts" path="C:\Repos\musical-lamp\src\middleware\PullRequestMiddleware.ts">
        <metrics statements="18" coveredstatements="17" conditionals="9" coveredconditionals="8" methods="2" coveredmethods="2"/>
        <line num="1" count="1" type="stmt"/>
        <line num="3" count="1" type="stmt"/>
        <line num="5" count="1" type="stmt"/>
        <line num="10" count="5" type="stmt"/>
        <line num="12" count="5" type="cond" truecount="2" falsecount="1"/>
        <line num="13" count="0" type="stmt"/>
        <line num="17" count="5" type="stmt"/>
        <line num="18" count="5" type="stmt"/>
        <line num="19" count="5" type="stmt"/>
        <line num="21" count="5" type="stmt"/>
        <line num="22" count="5" type="stmt"/>
        <line num="24" count="2" type="stmt"/>
        <line num="29" count="3" type="stmt"/>
        <line num="32" count="1" type="stmt"/>
        <line num="33" count="3" type="cond" truecount="2" falsecount="0"/>
        <line num="35" count="3" type="cond" truecount="4" falsecount="0"/>
        <line num="36" count="2" type="stmt"/>
        <line num="38" count="1" type="stmt"/>
      </file>
    </package>
    <package name="src.models">
      <metrics statements="8" coveredstatements="8" conditionals="2" coveredconditionals="2" methods="1" coveredmethods="1"/>
      <file name="CommitModel.ts" path="C:\Repos\musical-lamp\src\models\CommitModel.ts">
        <metrics statements="1" coveredstatements="1" conditionals="0" coveredconditionals="0" methods="0" coveredmethods="0"/>
        <line num="9" count="1" type="stmt"/>
      </file>
      <file name="PullRequestModel.ts" path="C:\Repos\musical-lamp\src\models\PullRequestModel.ts">
        <metrics statements="1" coveredstatements="1" conditionals="0" coveredconditionals="0" methods="0" coveredmethods="0"/>
        <line num="17" count="1" type="stmt"/>
      </file>
      <file name="PullRequestStateEnum.ts" path="C:\Repos\musical-lamp\src\models\PullRequestStateEnum.ts">
        <metrics statements="5" coveredstatements="5" conditionals="2" coveredconditionals="2" methods="1" coveredmethods="1"/>
        <line num="1" count="1" type="cond" truecount="2" falsecount="0"/>
        <line num="2" count="1" type="stmt"/>
        <line num="3" count="1" type="stmt"/>
        <line num="4" count="1" type="stmt"/>
        <line num="7" count="1" type="stmt"/>
      </file>
      <file name="UserModel.ts" path="C:\Repos\musical-lamp\src\models\UserModel.ts">
        <metrics statements="1" coveredstatements="1" conditionals="0" coveredconditionals="0" methods="0" coveredmethods="0"/>
        <line num="7" count="1" type="stmt"/>
      </file>
    </package>
    <package name="src.routes">
      <metrics statements="6" coveredstatements="6" conditionals="0" coveredconditionals="0" methods="0" coveredmethods="0"/>
      <file name="PullRequestRoute.ts" path="C:\Repos\musical-lamp\src\routes\PullRequestRoute.ts">
        <metrics statements="6" coveredstatements="6" conditionals="0" coveredconditionals="0" methods="0" coveredmethods="0"/>
        <line num="1" count="1" type="stmt"/>
        <line num="2" count="1" type="stmt"/>
        <line num="3" count="1" type="stmt"/>
        <line num="8" count="1" type="stmt"/>
        <line num="10" count="1" type="stmt"/>
        <line num="17" count="1" type="stmt"/>
      </file>
    </package>
    <package name="src.services">
      <metrics statements="35" coveredstatements="35" conditionals="3" coveredconditionals="2" methods="4" coveredmethods="4"/>
      <file name="GithubService.ts" path="C:\Repos\musical-lamp\src\services\GithubService.ts">
        <metrics statements="35" coveredstatements="35" conditionals="3" coveredconditionals="2" methods="4" coveredmethods="4"/>
        <line num="1" count="1" type="stmt"/>
        <line num="2" count="1" type="stmt"/>
        <line num="3" count="1" type="stmt"/>
        <line num="4" count="1" type="stmt"/>
        <line num="6" count="1" type="stmt"/>
        <line num="7" count="1" type="stmt"/>
        <line num="9" count="1" type="stmt"/>
        <line num="14" count="2" type="stmt"/>
        <line num="15" count="2" type="cond" truecount="2" falsecount="0"/>
        <line num="17" count="2" type="stmt"/>
        <line num="21" count="2" type="stmt"/>
        <line num="22" count="2" type="stmt"/>
        <line num="23" count="2" type="stmt"/>
        <line num="28" count="2" type="stmt"/>
        <line num="29" count="2" type="stmt"/>
        <line num="30" count="2" type="stmt"/>
        <line num="31" count="2" type="stmt"/>
        <line num="32" count="2" type="stmt"/>
        <line num="33" count="2" type="stmt"/>
        <line num="34" count="2" type="stmt"/>
        <line num="35" count="2" type="stmt"/>
        <line num="37" count="2" type="stmt"/>
        <line num="38" count="2" type="stmt"/>
        <line num="39" count="2" type="stmt"/>
        <line num="40" count="2" type="stmt"/>
        <line num="44" count="2" type="stmt"/>
        <line num="48" count="2" type="stmt"/>
        <line num="49" count="18" type="stmt"/>
        <line num="50" count="18" type="stmt"/>
        <line num="51" count="18" type="stmt"/>
        <line num="52" count="18" type="stmt"/>
        <line num="53" count="18" type="stmt"/>
        <line num="55" count="18" type="stmt"/>
        <line num="58" count="2" type="stmt"/>
        <line num="62" count="2" type="stmt"/>
      </file>
    </package>
  </project>
</coverage>
