{"C:\\Repos\\musical-lamp\\src\\server.ts": {"path":"C:\\Repos\\musical-lamp\\src\\server.ts","statementMap":{"0":{"start":{"line":1,"column":0},"end":{"line":1,"column":36}},"1":{"start":{"line":2,"column":0},"end":{"line":2,"column":43}},"2":{"start":{"line":3,"column":0},"end":{"line":3,"column":57}},"3":{"start":{"line":5,"column":24},"end":{"line":5,"column":33}},"4":{"start":{"line":7,"column":0},"end":{"line":7,"column":52}},"5":{"start":{"line":8,"column":0},"end":{"line":8,"column":27}},"6":{"start":{"line":10,"column":0},"end":{"line":22,"column":3}},"7":{"start":{"line":11,"column":2},"end":{"line":11,"column":49}},"8":{"start":{"line":12,"column":2},"end":{"line":15,"column":4}},"9":{"start":{"line":17,"column":2},"end":{"line":20,"column":null}},"10":{"start":{"line":18,"column":4},"end":{"line":18,"column":72}},"11":{"start":{"line":19,"column":4},"end":{"line":19,"column":36}},"12":{"start":{"line":21,"column":2},"end":{"line":21,"column":9}},"13":{"start":{"line":24,"column":0},"end":{"line":24,"column":46}},"14":{"start":{"line":26,"column":27},"end":{"line":26,"column":52}},"15":{"start":{"line":27,"column":21},"end":{"line":27,"column":47}},"16":{"start":{"line":29,"column":0},"end":{"line":31,"column":2}},"17":{"start":{"line":30,"column":2},"end":{"line":30,"column":54}},"18":{"start":{"line":33,"column":0},"end":{"line":33,"column":null}}},"fnMap":{"0":{"name":"(anonymous_1)","decl":{"start":{"line":10,"column":11},"end":{"line":10,"column":12}},"loc":{"start":{"line":10,"column":30},"end":{"line":22,"column":1}}},"1":{"name":"(anonymous_2)","decl":{"start":{"line":29,"column":24},"end":{"line":29,"column":27}},"loc":{"start":{"line":30,"column":2},"end":{"line":30,"column":54}}}},"branchMap":{"0":{"loc":{"start":{"line":17,"column":2},"end":{"line":20,"column":null}},"type":"if","locations":[{"start":{"line":17,"column":2},"end":{"line":20,"column":null}}]},"1":{"loc":{"start":{"line":27,"column":21},"end":{"line":27,"column":47}},"type":"cond-expr","locations":[{"start":{"line":27,"column":37},"end":{"line":27,"column":41}},{"start":{"line":27,"column":41},"end":{"line":27,"column":47}}]},"2":{"loc":{"start":{"line":27,"column":21},"end":{"line":27,"column":41}},"type":"binary-expr","locations":[{"start":{"line":27,"column":21},"end":{"line":27,"column":41}},{"start":{"line":27,"column":37},"end":{"line":27,"column":41}}]}},"s":{"0":1,"1":1,"2":1,"3":1,"4":1,"5":1,"6":1,"7":5,"8":5,"9":5,"10":0,"11":0,"12":5,"13":1,"14":1,"15":1,"16":1,"17":1,"18":1},"f":{"0":5,"1":1},"b":{"0":[0],"1":[1,0],"2":[1,1]}}
,"C:\\Repos\\musical-lamp\\src\\controllers\\GithubController.ts": {"path":"C:\\Repos\\musical-lamp\\src\\controllers\\GithubController.ts","statementMap":{"0":{"start":{"line":3,"column":0},"end":{"line":3,"column":59}},"1":{"start":{"line":5,"column":34},"end":{"line":16,"column":2}},"2":{"start":{"line":5,"column":72},"end":{"line":16,"column":2}},"3":{"start":{"line":6,"column":29},"end":{"line":6,"column":39}},"4":{"start":{"line":7,"column":24},"end":{"line":7,"column":73}},"5":{"start":{"line":9,"column":43},"end":{"line":12,"column":null}},"6":{"start":{"line":15,"column":2},"end":{"line":15,"column":44}},"7":{"start":{"line":5,"column":13},"end":{"line":5,"column":34}}},"fnMap":{"0":{"name":"(anonymous_13)","decl":{"start":{"line":5,"column":34},"end":{"line":5,"column":41}},"loc":{"start":{"line":5,"column":72},"end":{"line":16,"column":2}}},"1":{"name":"(anonymous_14)","decl":{"start":{"line":5,"column":72},"end":{"line":5,"column":null}},"loc":{"start":{"line":5,"column":72},"end":{"line":16,"column":1}}}},"branchMap":{"0":{"loc":{"start":{"line":7,"column":24},"end":{"line":7,"column":73}},"type":"cond-expr","locations":[{"start":{"line":7,"column":42},"end":{"line":7,"column":68}},{"start":{"line":7,"column":71},"end":{"line":7,"column":73}}]}},"s":{"0":1,"1":1,"2":2,"3":2,"4":2,"5":2,"6":2,"7":1},"f":{"0":2,"1":2},"b":{"0":[1,1]}}
,"C:\\Repos\\musical-lamp\\src\\middleware\\PullRequestMiddleware.ts": {"path":"C:\\Repos\\musical-lamp\\src\\middleware\\PullRequestMiddleware.ts","statementMap":{"0":{"start":{"line":1,"column":0},"end":{"line":1,"column":45}},"1":{"start":{"line":3,"column":0},"end":{"line":3,"column":66}},"2":{"start":{"line":10,"column":29},"end":{"line":10,"column":39}},"3":{"start":{"line":12,"column":2},"end":{"line":16,"column":null}},"4":{"start":{"line":13,"column":4},"end":{"line":15,"column":64}},"5":{"start":{"line":17,"column":26},"end":{"line":17,"column":57}},"6":{"start":{"line":18,"column":36},"end":{"line":18,"column":70}},"7":{"start":{"line":19,"column":37},"end":{"line":19,"column":65}},"8":{"start":{"line":21,"column":2},"end":{"line":27,"column":null}},"9":{"start":{"line":22,"column":4},"end":{"line":22,"column":45}},"10":{"start":{"line":24,"column":4},"end":{"line":26,"column":52}},"11":{"start":{"line":29,"column":2},"end":{"line":29,"column":9}},"12":{"start":{"line":5,"column":0},"end":{"line":5,"column":22}},"13":{"start":{"line":33,"column":24},"end":{"line":33,"column":73}},"14":{"start":{"line":35,"column":2},"end":{"line":39,"column":null}},"15":{"start":{"line":36,"column":4},"end":{"line":36,"column":11}},"16":{"start":{"line":38,"column":4},"end":{"line":38,"column":62}},"17":{"start":{"line":32,"column":0},"end":{"line":32,"column":16}}},"fnMap":{"0":{"name":"isRouteValid","decl":{"start":{"line":5,"column":22},"end":{"line":5,"column":34}},"loc":{"start":{"line":8,"column":20},"end":{"line":30,"column":null}}},"1":{"name":"isStateValid","decl":{"start":{"line":32,"column":16},"end":{"line":32,"column":28}},"loc":{"start":{"line":32,"column":76},"end":{"line":40,"column":1}}}},"branchMap":{"0":{"loc":{"start":{"line":12,"column":2},"end":{"line":16,"column":null}},"type":"if","locations":[{"start":{"line":12,"column":2},"end":{"line":16,"column":null}}]},"1":{"loc":{"start":{"line":12,"column":6},"end":{"line":12,"column":24}},"type":"binary-expr","locations":[{"start":{"line":12,"column":6},"end":{"line":12,"column":15}},{"start":{"line":12,"column":19},"end":{"line":12,"column":24}}]},"2":{"loc":{"start":{"line":33,"column":24},"end":{"line":33,"column":73}},"type":"cond-expr","locations":[{"start":{"line":33,"column":42},"end":{"line":33,"column":68}},{"start":{"line":33,"column":71},"end":{"line":33,"column":73}}]},"3":{"loc":{"start":{"line":35,"column":2},"end":{"line":39,"column":null}},"type":"if","locations":[{"start":{"line":35,"column":2},"end":{"line":39,"column":null}},{"start":{"line":37,"column":9},"end":{"line":39,"column":null}}]},"4":{"loc":{"start":{"line":35,"column":6},"end":{"line":35,"column":81}},"type":"binary-expr","locations":[{"start":{"line":35,"column":6},"end":{"line":35,"column":12}},{"start":{"line":35,"column":17},"end":{"line":35,"column":81}}]}},"s":{"0":1,"1":1,"2":5,"3":5,"4":0,"5":5,"6":5,"7":5,"8":5,"9":5,"10":2,"11":3,"12":1,"13":3,"14":3,"15":2,"16":1,"17":1},"f":{"0":5,"1":3},"b":{"0":[0],"1":[5,5],"2":[2,1],"3":[2,1],"4":[3,2]}}
,"C:\\Repos\\musical-lamp\\src\\models\\CommitModel.ts": {"path":"C:\\Repos\\musical-lamp\\src\\models\\CommitModel.ts","statementMap":{"0":{"start":{"line":9,"column":0},"end":{"line":9,"column":22}}},"fnMap":{},"branchMap":{},"s":{"0":1},"f":{},"b":{}}
,"C:\\Repos\\musical-lamp\\src\\models\\PullRequestModel.ts": {"path":"C:\\Repos\\musical-lamp\\src\\models\\PullRequestModel.ts","statementMap":{"0":{"start":{"line":17,"column":0},"end":{"line":17,"column":32}}},"fnMap":{},"branchMap":{},"s":{"0":1},"f":{},"b":{}}
,"C:\\Repos\\musical-lamp\\src\\models\\PullRequestStateEnum.ts": {"path":"C:\\Repos\\musical-lamp\\src\\models\\PullRequestStateEnum.ts","statementMap":{"0":{"start":{"line":1,"column":0},"end":{"line":1,"column":null}},"1":{"start":{"line":2,"column":2},"end":{"line":2,"column":null}},"2":{"start":{"line":3,"column":2},"end":{"line":3,"column":null}},"3":{"start":{"line":4,"column":2},"end":{"line":4,"column":null}},"4":{"start":{"line":7,"column":0},"end":{"line":7,"column":36}}},"fnMap":{"0":{"name":"(anonymous_0)","decl":{"start":{"line":1,"column":0},"end":{"line":1,"column":5}},"loc":{"start":{"line":1,"column":25},"end":{"line":5,"column":1}}}},"branchMap":{"0":{"loc":{"start":{"line":1,"column":5},"end":{"line":1,"column":null}},"type":"binary-expr","locations":[{"start":{"line":1,"column":5},"end":{"line":1,"column":25}},{"start":{"line":1,"column":5},"end":{"line":1,"column":null}}]}},"s":{"0":1,"1":1,"2":1,"3":1,"4":1},"f":{"0":1},"b":{"0":[1,1]}}
,"C:\\Repos\\musical-lamp\\src\\models\\UserModel.ts": {"path":"C:\\Repos\\musical-lamp\\src\\models\\UserModel.ts","statementMap":{"0":{"start":{"line":7,"column":0},"end":{"line":7,"column":20}}},"fnMap":{},"branchMap":{},"s":{"0":1},"f":{},"b":{}}
,"C:\\Repos\\musical-lamp\\src\\routes\\PullRequestRoute.ts": {"path":"C:\\Repos\\musical-lamp\\src\\routes\\PullRequestRoute.ts","statementMap":{"0":{"start":{"line":1,"column":0},"end":{"line":1,"column":30}},"1":{"start":{"line":2,"column":0},"end":{"line":2,"column":68}},"2":{"start":{"line":3,"column":0},"end":{"line":3,"column":null}},"3":{"start":{"line":8,"column":15},"end":{"line":8,"column":31}},"4":{"start":{"line":10,"column":0},"end":{"line":15,"column":2}},"5":{"start":{"line":17,"column":0},"end":{"line":17,"column":22}}},"fnMap":{},"branchMap":{},"s":{"0":1,"1":1,"2":1,"3":1,"4":1,"5":1},"f":{},"b":{}}
,"C:\\Repos\\musical-lamp\\src\\services\\GithubService.ts": {"path":"C:\\Repos\\musical-lamp\\src\\services\\GithubService.ts","statementMap":{"0":{"start":{"line":1,"column":0},"end":{"line":1,"column":60}},"1":{"start":{"line":2,"column":0},"end":{"line":2,"column":48}},"2":{"start":{"line":3,"column":0},"end":{"line":3,"column":58}},"3":{"start":{"line":4,"column":0},"end":{"line":4,"column":44}},"4":{"start":{"line":6,"column":24},"end":{"line":6,"column":55}},"5":{"start":{"line":7,"column":34},"end":{"line":7,"column":68}},"6":{"start":{"line":14,"column":37},"end":{"line":14,"column":65}},"7":{"start":{"line":15,"column":32},"end":{"line":15,"column":62}},"8":{"start":{"line":17,"column":46},"end":{"line":18,"column":null}},"9":{"start":{"line":21,"column":43},"end":{"line":59,"column":null}},"10":{"start":{"line":22,"column":31},"end":{"line":59,"column":null}},"11":{"start":{"line":23,"column":47},"end":{"line":23,"column":69}},"12":{"start":{"line":28,"column":6},"end":{"line":28,"column":41}},"13":{"start":{"line":29,"column":6},"end":{"line":29,"column":43}},"14":{"start":{"line":30,"column":6},"end":{"line":30,"column":49}},"15":{"start":{"line":31,"column":6},"end":{"line":31,"column":47}},"16":{"start":{"line":32,"column":6},"end":{"line":32,"column":47}},"17":{"start":{"line":33,"column":6},"end":{"line":33,"column":45}},"18":{"start":{"line":34,"column":6},"end":{"line":34,"column":57}},"19":{"start":{"line":35,"column":6},"end":{"line":35,"column":57}},"20":{"start":{"line":37,"column":6},"end":{"line":37,"column":44}},"21":{"start":{"line":38,"column":6},"end":{"line":38,"column":57}},"22":{"start":{"line":39,"column":6},"end":{"line":39,"column":67}},"23":{"start":{"line":40,"column":6},"end":{"line":40,"column":53}},"24":{"start":{"line":44,"column":30},"end":{"line":45,"column":null}},"25":{"start":{"line":48,"column":6},"end":{"line":56,"column":9}},"26":{"start":{"line":49,"column":26},"end":{"line":49,"column":43}},"27":{"start":{"line":50,"column":8},"end":{"line":50,"column":35}},"28":{"start":{"line":51,"column":8},"end":{"line":51,"column":54}},"29":{"start":{"line":52,"column":8},"end":{"line":52,"column":56}},"30":{"start":{"line":53,"column":8},"end":{"line":53,"column":50}},"31":{"start":{"line":55,"column":8},"end":{"line":55,"column":25}},"32":{"start":{"line":58,"column":6},"end":{"line":58,"column":28}},"33":{"start":{"line":62,"column":2},"end":{"line":62,"column":35}},"34":{"start":{"line":9,"column":0},"end":{"line":9,"column":22}}},"fnMap":{"0":{"name":"getPullRequests","decl":{"start":{"line":9,"column":22},"end":{"line":9,"column":37}},"loc":{"start":{"line":12,"column":20},"end":{"line":63,"column":null}}},"1":{"name":"(anonymous_10)","decl":{"start":{"line":22,"column":4},"end":{"line":22,"column":11}},"loc":{"start":{"line":22,"column":31},"end":{"line":59,"column":null}}},"2":{"name":"(anonymous_11)","decl":{"start":{"line":22,"column":31},"end":{"line":22,"column":null}},"loc":{"start":{"line":22,"column":31},"end":{"line":59,"column":5}}},"3":{"name":"(anonymous_12)","decl":{"start":{"line":48,"column":56},"end":{"line":48,"column":57}},"loc":{"start":{"line":48,"column":72},"end":{"line":56,"column":7}}}},"branchMap":{"0":{"loc":{"start":{"line":12,"column":2},"end":{"line":12,"column":20}},"type":"default-arg","locations":[{"start":{"line":12,"column":18},"end":{"line":12,"column":20}}]},"1":{"loc":{"start":{"line":15,"column":32},"end":{"line":15,"column":62}},"type":"cond-expr","locations":[{"start":{"line":15,"column":40},"end":{"line":15,"column":57}},{"start":{"line":15,"column":60},"end":{"line":15,"column":62}}]}},"s":{"0":1,"1":1,"2":1,"3":1,"4":1,"5":1,"6":2,"7":2,"8":2,"9":2,"10":2,"11":2,"12":2,"13":2,"14":2,"15":2,"16":2,"17":2,"18":2,"19":2,"20":2,"21":2,"22":2,"23":2,"24":2,"25":2,"26":18,"27":18,"28":18,"29":18,"30":18,"31":18,"32":2,"33":2,"34":1},"f":{"0":2,"1":2,"2":2,"3":18},"b":{"0":[0],"1":[1,1]}}
}
