TN:
SF:src\server.ts
FN:10,(anonymous_1)
FN:29,(anonymous_2)
FNF:2
FNH:2
FNDA:5,(anonymous_1)
FNDA:1,(anonymous_2)
DA:1,1
DA:2,1
DA:3,1
DA:5,1
DA:7,1
DA:8,1
DA:10,1
DA:11,5
DA:12,5
DA:17,5
DA:18,0
DA:19,0
DA:21,5
DA:24,1
DA:26,1
DA:27,1
DA:29,1
DA:30,1
DA:33,1
LF:19
LH:17
BRDA:17,0,0,0
BRDA:27,1,0,1
BRDA:27,1,1,0
BRDA:27,2,0,1
BRDA:27,2,1,1
BRF:5
BRH:3
end_of_record
TN:
SF:src\controllers\GithubController.ts
FN:5,(anonymous_13)
FN:5,(anonymous_14)
FNF:2
FNH:2
FNDA:2,(anonymous_13)
FNDA:2,(anonymous_14)
DA:3,1
DA:5,2
DA:6,2
DA:7,2
DA:9,2
DA:15,2
LF:6
LH:6
BRDA:7,0,0,1
BRDA:7,0,1,1
BRF:2
BRH:2
end_of_record
TN:
SF:src\middleware\PullRequestMiddleware.ts
FN:5,isRouteValid
FN:32,isStateValid
FNF:2
FNH:2
FNDA:5,isRouteValid
FNDA:3,isStateValid
DA:1,1
DA:3,1
DA:5,1
DA:10,5
DA:12,5
DA:13,0
DA:17,5
DA:18,5
DA:19,5
DA:21,5
DA:22,5
DA:24,2
DA:29,3
DA:32,1
DA:33,3
DA:35,3
DA:36,2
DA:38,1
LF:18
LH:17
BRDA:12,0,0,0
BRDA:12,1,0,5
BRDA:12,1,1,5
BRDA:33,2,0,2
BRDA:33,2,1,1
BRDA:35,3,0,2
BRDA:35,3,1,1
BRDA:35,4,0,3
BRDA:35,4,1,2
BRF:9
BRH:8
end_of_record
TN:
SF:src\models\CommitModel.ts
FNF:0
FNH:0
DA:9,1
LF:1
LH:1
BRF:0
BRH:0
end_of_record
TN:
SF:src\models\PullRequestModel.ts
FNF:0
FNH:0
DA:17,1
LF:1
LH:1
BRF:0
BRH:0
end_of_record
TN:
SF:src\models\PullRequestStateEnum.ts
FN:1,(anonymous_0)
FNF:1
FNH:1
FNDA:1,(anonymous_0)
DA:1,1
DA:2,1
DA:3,1
DA:4,1
DA:7,1
LF:5
LH:5
BRDA:1,0,0,1
BRDA:1,0,1,1
BRF:2
BRH:2
end_of_record
TN:
SF:src\models\UserModel.ts
FNF:0
FNH:0
DA:7,1
LF:1
LH:1
BRF:0
BRH:0
end_of_record
TN:
SF:src\routes\PullRequestRoute.ts
FNF:0
FNH:0
DA:1,1
DA:2,1
DA:3,1
DA:8,1
DA:10,1
DA:17,1
LF:6
LH:6
BRF:0
BRH:0
end_of_record
TN:
SF:src\services\GithubService.ts
FN:9,getPullRequests
FN:22,(anonymous_10)
FN:22,(anonymous_11)
FN:48,(anonymous_12)
FNF:4
FNH:4
FNDA:2,getPullRequests
FNDA:2,(anonymous_10)
FNDA:2,(anonymous_11)
FNDA:18,(anonymous_12)
DA:1,1
DA:2,1
DA:3,1
DA:4,1
DA:6,1
DA:7,1
DA:9,1
DA:14,2
DA:15,2
DA:17,2
DA:21,2
DA:22,2
DA:23,2
DA:28,2
DA:29,2
DA:30,2
DA:31,2
DA:32,2
DA:33,2
DA:34,2
DA:35,2
DA:37,2
DA:38,2
DA:39,2
DA:40,2
DA:44,2
DA:48,2
DA:49,18
DA:50,18
DA:51,18
DA:52,18
DA:53,18
DA:55,18
DA:58,2
DA:62,2
LF:35
LH:35
BRDA:12,0,0,0
BRDA:15,1,0,1
BRDA:15,1,1,1
BRF:3
BRH:2
end_of_record
